19/06/22 07:02:17 WARN Executor: Issue communicating with driver in heartbeater
org.apache.spark.rpc.RpcTimeoutException: Futures timed out after [10000 milliseconds]. This timeout is controlled by spark.executor.heartbeatInterval
	at org.apache.spark.rpc.RpcTimeout.org$apache$spark$rpc$RpcTimeout$$createRpcTimeoutException(RpcTimeout.scala:47)
	at org.apache.spark.rpc.RpcTimeout$$anonfun$addMessageIfTimeout$1.applyOrElse(RpcTimeout.scala:62)
	at org.apache.spark.rpc.RpcTimeout$$anonfun$addMessageIfTimeout$1.applyOrElse(RpcTimeout.scala:58)
	at scala.runtime.AbstractPartialFunction.apply(AbstractPartialFunction.scala:36)
	at org.apache.spark.rpc.RpcTimeout.awaitResult(RpcTimeout.scala:76)
	at org.apache.spark.rpc.RpcEndpointRef.askSync(RpcEndpointRef.scala:92)
	at org.apache.spark.executor.Executor.org$apache$spark$executor$Executor$$reportHeartBeat(Executor.scala:841)
	at org.apache.spark.executor.Executor$$anon$2$$anonfun$run$1.apply$mcV$sp(Executor.scala:870)
	at org.apache.spark.executor.Executor$$anon$2$$anonfun$run$1.apply(Executor.scala:870)
	at org.apache.spark.executor.Executor$$anon$2$$anonfun$run$1.apply(Executor.scala:870)
	at org.apache.spark.util.Utils$.logUncaughtExceptions(Utils.scala:1945)
	at org.apache.spark.executor.Executor$$anon$2.run(Executor.scala:870)
	at java.util.concurrent.Executors$RunnableAdapter.call(Unknown Source)
	at java.util.concurrent.FutureTask.runAndReset(Unknown Source)
	at java.util.concurrent.ScheduledThreadPoolExecutor$ScheduledFutureTask.access$301(Unknown Source)
	at java.util.concurrent.ScheduledThreadPoolExecutor$ScheduledFutureTask.run(Unknown Source)
	at java.util.concurrent.ThreadPoolExecutor.runWorker(Unknown Source)
	at java.util.concurrent.ThreadPoolExecutor$Worker.run(Unknown Source)
	at java.lang.Thread.run(Unknown Source)
Caused by: java.util.concurrent.TimeoutException: Futures timed out after [10000 milliseconds]
	at scala.concurrent.impl.Promise$DefaultPromise.ready(Promise.scala:223)
	at scala.concurrent.impl.Promise$DefaultPromise.result(Promise.scala:227)
	at org.apache.spark.util.ThreadUtils$.awaitResult(ThreadUtils.scala:220)
	at org.apache.spark.rpc.RpcTimeout.awaitResult(RpcTimeout.scala:75)
	... 14 more
19/06/22 07:02:27 WARN Executor: Issue communicating with driver in heartbeater
org.apache.spark.rpc.RpcTimeoutException: Futures timed out after [10000 milliseconds]. This timeout is controlled by spark.executor.heartbeatInterval
	at org.apache.spark.rpc.RpcTimeout.org$apache$spark$rpc$RpcTimeout$$createRpcTimeoutException(RpcTimeout.scala:47)
	at org.apache.spark.rpc.RpcTimeout$$anonfun$addMessageIfTimeout$1.applyOrElse(RpcTimeout.scala:62)
	at org.apache.spark.rpc.RpcTimeout$$anonfun$addMessageIfTimeout$1.applyOrElse(RpcTimeout.scala:58)
	at scala.runtime.AbstractPartialFunction.apply(AbstractPartialFunction.scala:36)
	at org.apache.spark.rpc.RpcTimeout.awaitResult(RpcTimeout.scala:76)
	at org.apache.spark.rpc.RpcEndpointRef.askSync(RpcEndpointRef.scala:92)
	at org.apache.spark.executor.Executor.org$apache$spark$executor$Executor$$reportHeartBeat(Executor.scala:841)
	at org.apache.spark.executor.Executor$$anon$2$$anonfun$run$1.apply$mcV$sp(Executor.scala:870)
	at org.apache.spark.executor.Executor$$anon$2$$anonfun$run$1.apply(Executor.scala:870)
	at org.apache.spark.executor.Executor$$anon$2$$anonfun$run$1.apply(Executor.scala:870)
	at org.apache.spark.util.Utils$.logUncaughtExceptions(Utils.scala:1945)
	at org.apache.spark.executor.Executor$$anon$2.run(Executor.scala:870)
	at java.util.concurrent.Executors$RunnableAdapter.call(Unknown Source)
	at java.util.concurrent.FutureTask.runAndReset(Unknown Source)
	at java.util.concurrent.ScheduledThreadPoolExecutor$ScheduledFutureTask.access$301(Unknown Source)
	at java.util.concurrent.ScheduledThreadPoolExecutor$ScheduledFutureTask.run(Unknown Source)
	at java.util.concurrent.ThreadPoolExecutor.runWorker(Unknown Source)
	at java.util.concurrent.ThreadPoolExecutor$Worker.run(Unknown Source)
	at java.lang.Thread.run(Unknown Source)
Caused by: java.util.concurrent.TimeoutException: Futures timed out after [10000 milliseconds]
	at scala.concurrent.impl.Promise$DefaultPromise.ready(Promise.scala:223)
	at scala.concurrent.impl.Promise$DefaultPromise.result(Promise.scala:227)
	at org.apache.spark.util.ThreadUtils$.awaitResult(ThreadUtils.scala:220)
	at org.apache.spark.rpc.RpcTimeout.awaitResult(RpcTimeout.scala:75)
	... 14 more
19/06/22 07:02:28 WARN NettyRpcEnv: Ignored message: HeartbeatResponse(false)
19/06/22 07:02:28 WARN NettyRpcEnv: Ignored message: HeartbeatResponse(false)
19/06/22 08:55:26 WARN Executor: Issue communicating with driver in heartbeater
org.apache.spark.rpc.RpcTimeoutException: Futures timed out after [10000 milliseconds]. This timeout is controlled by spark.executor.heartbeatInterval
	at org.apache.spark.rpc.RpcTimeout.org$apache$spark$rpc$RpcTimeout$$createRpcTimeoutException(RpcTimeout.scala:47)
	at org.apache.spark.rpc.RpcTimeout$$anonfun$addMessageIfTimeout$1.applyOrElse(RpcTimeout.scala:62)
	at org.apache.spark.rpc.RpcTimeout$$anonfun$addMessageIfTimeout$1.applyOrElse(RpcTimeout.scala:58)
	at scala.runtime.AbstractPartialFunction.apply(AbstractPartialFunction.scala:36)
	at org.apache.spark.rpc.RpcTimeout.awaitResult(RpcTimeout.scala:76)
	at org.apache.spark.rpc.RpcEndpointRef.askSync(RpcEndpointRef.scala:92)
	at org.apache.spark.executor.Executor.org$apache$spark$executor$Executor$$reportHeartBeat(Executor.scala:841)
	at org.apache.spark.executor.Executor$$anon$2$$anonfun$run$1.apply$mcV$sp(Executor.scala:870)
	at org.apache.spark.executor.Executor$$anon$2$$anonfun$run$1.apply(Executor.scala:870)
	at org.apache.spark.executor.Executor$$anon$2$$anonfun$run$1.apply(Executor.scala:870)
	at org.apache.spark.util.Utils$.logUncaughtExceptions(Utils.scala:1945)
	at org.apache.spark.executor.Executor$$anon$2.run(Executor.scala:870)
	at java.util.concurrent.Executors$RunnableAdapter.call(Unknown Source)
	at java.util.concurrent.FutureTask.runAndReset(Unknown Source)
	at java.util.concurrent.ScheduledThreadPoolExecutor$ScheduledFutureTask.access$301(Unknown Source)
	at java.util.concurrent.ScheduledThreadPoolExecutor$ScheduledFutureTask.run(Unknown Source)
	at java.util.concurrent.ThreadPoolExecutor.runWorker(Unknown Source)
	at java.util.concurrent.ThreadPoolExecutor$Worker.run(Unknown Source)
	at java.lang.Thread.run(Unknown Source)
Caused by: java.util.concurrent.TimeoutException: Futures timed out after [10000 milliseconds]
	at scala.concurrent.impl.Promise$DefaultPromise.ready(Promise.scala:223)
	at scala.concurrent.impl.Promise$DefaultPromise.result(Promise.scala:227)
	at org.apache.spark.util.ThreadUtils$.awaitResult(ThreadUtils.scala:220)
	at org.apache.spark.rpc.RpcTimeout.awaitResult(RpcTimeout.scala:75)
	... 14 more
19/06/22 08:55:27 WARN NettyRpcEnv: Ignored message: HeartbeatResponse(false)
19/06/22 10:10:35 INFO SparkContext: Invoking stop() from shutdown hook
19/06/22 10:10:35 INFO SparkUI: Stopped Spark web UI at http://127.0.0.1:4040
19/06/22 10:10:35 INFO MapOutputTrackerMasterEndpoint: MapOutputTrackerMasterEndpoint stopped!
19/06/22 10:10:35 INFO MemoryStore: MemoryStore cleared
19/06/22 10:10:35 INFO BlockManager: BlockManager stopped
19/06/22 10:10:35 INFO BlockManagerMaster: BlockManagerMaster stopped
19/06/22 10:10:35 INFO OutputCommitCoordinator$OutputCommitCoordinatorEndpoint: OutputCommitCoordinator stopped!
19/06/22 10:10:35 INFO SparkContext: Successfully stopped SparkContext
19/06/22 10:10:36 INFO ShutdownHookManager: Shutdown hook called
19/06/22 10:10:36 INFO ShutdownHookManager: Deleting directory C:\Users\PANUPIND\AppData\Local\Temp\spark-90cf759a-d0c8-42f3-ac54-73ea014a4a81
19/06/22 10:10:36 INFO ShutdownHookManager: Deleting directory C:\Users\PANUPIND\AppData\Local\Temp\spark-0e014f7b-16a8-4910-bfbb-dc7800540093
